<?xml version="1.0" encoding="UTF-8"?>
<!-- Generated by org.testng.reporters.JUnitReportReporter -->
<testsuite hostname="Test-PC" failures="0" tests="1" name="api.endpoints.VisualCrossingApiEndpoint" time="3.681" errors="0" timestamp="2023-07-12T13:12:03 IST" skipped="0">
  <testcase classname="api.endpoints.VisualCrossingApiEndpoint" name="ValidateStatusCode" time="3.681"/>
  <system-out/>
</testsuite> <!-- api.endpoints.VisualCrossingApiEndpoint -->
