<?xml version="1.0" encoding="UTF-8"?>
<!-- Generated by org.testng.reporters.JUnitReportReporter -->
<testsuite hostname="Test-PC" failures="0" tests="6" name="api.testcases.VisualCrossingApiNegativeValidations" time="10.059" errors="0" timestamp="2023-07-12T13:12:03 IST" skipped="0">
  <testcase classname="api.testcases.VisualCrossingApiNegativeValidations" name="validateApi" time="1.610"/>
  <system-out/>
  <testcase classname="api.testcases.VisualCrossingApiNegativeValidations" name="validateApi" time="1.805"/>
  <system-out/>
  <testcase classname="api.testcases.VisualCrossingApiNegativeValidations" name="invalidmetricgroup" time="1.573"/>
  <system-out/>
  <testcase classname="api.testcases.VisualCrossingApiNegativeValidations" name="invalidContentType" time="1.561"/>
  <system-out/>
  <testcase classname="api.testcases.VisualCrossingApiNegativeValidations" name="emptyapikey" time="1.932"/>
  <system-out/>
  <testcase classname="api.testcases.VisualCrossingApiNegativeValidations" name="invalidapikey" time="1.578"/>
  <system-out/>
</testsuite> <!-- api.testcases.VisualCrossingApiNegativeValidations -->
